<?xml version="1.0" encoding="UTF-8"?>
<!-- Generated by org.testng.reporters.JUnitReportReporter -->
<testsuite hostname="DESKTOP-7URID6Q" failures="0" tests="1" name="selenium.learning.java.streams.StreamsExample" time="0.017" errors="0" timestamp="2025-10-08T22:12:58 IST" skipped="0">
  <testcase classname="selenium.learning.java.streams.StreamsExample" name="printUniqueNumberAndSort" time="0.017"/>
</testsuite> <!-- selenium.learning.java.streams.StreamsExample -->
