<?xml version="1.0" encoding="UTF-8"?>
<!-- Generated by org.testng.reporters.JUnitReportReporter -->
<testsuite hostname="DESKTOP-7URID6Q" failures="0" tests="7" name="selenium.learning.java.testNG.Test2" time="0.110" errors="0" timestamp="2025-10-13T14:07:35 IST" skipped="1">
  <testcase classname="selenium.learning.java.testNG.Test2" name="dataTest" time="0.012"/>
  <testcase classname="selenium.learning.java.testNG.Test2" name="dataTest" time="0.008"/>
  <testcase classname="selenium.learning.java.testNG.Test2" name="dataTest" time="0.036"/>
  <testcase classname="selenium.learning.java.testNG.Test2" name="test4" time="0.004"/>
  <testcase classname="selenium.learning.java.testNG.Test2" name="test5" time="0.044"/>
  <testcase classname="selenium.learning.java.testNG.Test2" name="test3" time="0.006"/>
  <testcase classname="selenium.learning.java.testNG.Test2" name="test6">
    <skipped/>
  </testcase> <!-- test6 -->
</testsuite> <!-- selenium.learning.java.testNG.Test2 -->
