<?xml version="1.0" encoding="UTF-8"?>
<!-- Generated by org.testng.reporters.JUnitReportReporter -->
<testsuite hostname="DESKTOP-7URID6Q" failures="0" tests="4" name="selenium.learning.java.testNG.WebApp" time="0.083" errors="0" timestamp="2025-10-13T14:07:35 IST" skipped="0">
  <testcase classname="selenium.learning.java.testNG.WebApp" name="demo" time="0.008"/>
  <testcase classname="selenium.learning.java.testNG.WebApp" name="testWebLogin" time="0.025"/>
  <testcase classname="selenium.learning.java.testNG.WebApp" name="testWebLogin" time="0.048"/>
  <testcase classname="selenium.learning.java.testNG.WebApp" name="testWebLogin" time="0.002"/>
</testsuite> <!-- selenium.learning.java.testNG.WebApp -->
