<?xml version="1.0" encoding="UTF-8"?>
<!-- Generated by org.testng.reporters.JUnitReportReporter -->
<testsuite hostname="DESKTOP-7URID6Q" failures="0" tests="3" name="selenium.learning.java.testNG.MobileApp" time="0.071" errors="0" timestamp="2025-10-13T14:07:35 IST" skipped="0">
  <testcase classname="selenium.learning.java.testNG.MobileApp" name="mobileacess" time="0.013"/>
  <testcase classname="selenium.learning.java.testNG.MobileApp" name="mobilelogin" time="0.025"/>
  <testcase classname="selenium.learning.java.testNG.MobileApp" name="mobiletest" time="0.033"/>
</testsuite> <!-- selenium.learning.java.testNG.MobileApp -->
